mode: set
x.hh.ru/logs.go:8.22,10.16 2 0
x.hh.ru/logs.go:13.2,14.54 2 0
x.hh.ru/logs.go:10.16,12.3 1 0
x.hh.ru/parseHHru.go:21.29,23.16 2 1
x.hh.ru/parseHHru.go:26.2,26.20 1 1
x.hh.ru/parseHHru.go:23.16,25.3 1 0
x.hh.ru/parseHHru.go:30.79,35.20 4 1
x.hh.ru/parseHHru.go:67.2,67.20 1 1
x.hh.ru/parseHHru.go:35.20,49.3 3 1
x.hh.ru/parseHHru.go:49.8,66.3 4 1
x.hh.ru/parseHHru.go:71.69,77.2 2 1
x.hh.ru/parseHHru.go:80.86,81.16 1 1
x.hh.ru/parseHHru.go:84.2,84.22 1 1
x.hh.ru/parseHHru.go:88.2,101.16 7 1
x.hh.ru/parseHHru.go:105.2,110.16 2 1
x.hh.ru/parseHHru.go:114.2,114.29 1 1
x.hh.ru/parseHHru.go:125.2,125.8 1 1
x.hh.ru/parseHHru.go:81.16,83.3 1 1
x.hh.ru/parseHHru.go:84.22,87.3 2 0
x.hh.ru/parseHHru.go:101.16,104.3 2 0
x.hh.ru/parseHHru.go:110.16,113.3 2 0
x.hh.ru/parseHHru.go:114.29,121.64 2 1
x.hh.ru/parseHHru.go:121.64,123.4 1 1
x.hh.ru/parseHHru.go:129.43,133.6 4 1
x.hh.ru/parseHHru.go:133.6,136.15 3 1
x.hh.ru/parseHHru.go:142.3,144.21 3 1
x.hh.ru/parseHHru.go:150.3,151.36 2 1
x.hh.ru/parseHHru.go:136.15,140.12 4 0
x.hh.ru/parseHHru.go:144.21,149.4 4 1
x.hh.ru/parseHHru.go:151.36,154.22 3 0
x.hh.ru/parseHHru.go:159.4,160.39 2 0
x.hh.ru/parseHHru.go:175.4,177.23 3 0
x.hh.ru/parseHHru.go:154.22,156.5 1 0
x.hh.ru/parseHHru.go:156.10,158.5 1 0
x.hh.ru/parseHHru.go:160.39,163.29 3 0
x.hh.ru/parseHHru.go:167.5,167.12 1 0
x.hh.ru/parseHHru.go:173.5,173.13 1 0
x.hh.ru/parseHHru.go:163.29,166.6 2 0
x.hh.ru/parseHHru.go:168.17,169.60 1 0
x.hh.ru/parseHHru.go:170.81,171.71 1 0
x.hh.ru/parseHHru.go:183.55,198.16 10 1
x.hh.ru/parseHHru.go:203.2,209.16 3 1
x.hh.ru/parseHHru.go:214.2,220.16 3 1
x.hh.ru/parseHHru.go:225.2,225.29 1 1
x.hh.ru/parseHHru.go:198.16,202.3 3 0
x.hh.ru/parseHHru.go:209.16,213.3 3 0
x.hh.ru/parseHHru.go:220.16,224.3 3 0
x.hh.ru/parseHHru.go:225.29,227.27 2 1
x.hh.ru/parseHHru.go:227.27,236.18 3 1
x.hh.ru/parseHHru.go:240.4,240.43 1 0
x.hh.ru/parseHHru.go:236.18,239.5 2 1
x.hh.ru/parseHHru.go:245.81,247.55 1 0
x.hh.ru/parseHHru.go:247.55,250.18 2 0
x.hh.ru/parseHHru.go:254.4,263.18 3 0
x.hh.ru/parseHHru.go:268.4,277.18 2 0
x.hh.ru/parseHHru.go:280.4,281.14 2 0
x.hh.ru/parseHHru.go:250.18,252.5 1 0
x.hh.ru/parseHHru.go:263.18,265.5 1 0
x.hh.ru/parseHHru.go:277.18,279.5 1 0
x.hh.ru/telegram.go:16.47,17.32 1 0
x.hh.ru/telegram.go:17.32,34.3 2 0
x.hh.ru/telegram.go:37.17,42.42 5 0
x.hh.ru/telegram.go:45.2,45.43 1 0
x.hh.ru/telegram.go:49.2,49.44 1 0
x.hh.ru/telegram.go:129.2,130.13 2 0
x.hh.ru/telegram.go:42.42,44.3 1 0
x.hh.ru/telegram.go:45.43,47.3 1 0
x.hh.ru/telegram.go:49.44,50.33 1 0
x.hh.ru/telegram.go:50.33,51.65 1 0
x.hh.ru/telegram.go:51.65,53.25 2 0
x.hh.ru/telegram.go:53.25,55.61 2 0
x.hh.ru/telegram.go:78.6,78.29 1 0
x.hh.ru/telegram.go:55.61,59.47 4 0
x.hh.ru/telegram.go:62.7,64.41 3 0
x.hh.ru/telegram.go:59.47,61.8 1 0
x.hh.ru/telegram.go:65.12,65.67 1 0
x.hh.ru/telegram.go:65.67,69.47 4 0
x.hh.ru/telegram.go:72.7,74.41 3 0
x.hh.ru/telegram.go:69.47,71.8 1 0
x.hh.ru/telegram.go:75.12,77.7 1 0
x.hh.ru/telegram.go:79.11,81.6 1 0
x.hh.ru/telegram.go:82.10,82.77 1 0
x.hh.ru/telegram.go:82.77,84.5 1 0
x.hh.ru/telegram.go:84.10,84.76 1 0
x.hh.ru/telegram.go:84.76,86.16 2 0
x.hh.ru/telegram.go:91.5,91.18 1 0
x.hh.ru/telegram.go:86.16,88.6 1 0
x.hh.ru/telegram.go:88.11,90.6 1 0
x.hh.ru/telegram.go:92.10,92.80 1 0
x.hh.ru/telegram.go:92.80,93.25 1 0
x.hh.ru/telegram.go:93.25,98.6 4 0
x.hh.ru/telegram.go:98.11,100.6 1 0
x.hh.ru/telegram.go:101.10,101.80 1 0
x.hh.ru/telegram.go:101.80,103.5 1 0
x.hh.ru/telegram.go:103.10,103.70 1 0
x.hh.ru/telegram.go:103.70,105.5 1 0
x.hh.ru/telegram.go:105.10,105.70 1 0
x.hh.ru/telegram.go:105.70,106.25 1 0
x.hh.ru/telegram.go:106.25,112.40 6 0
x.hh.ru/telegram.go:115.6,116.29 2 0
x.hh.ru/telegram.go:112.40,114.7 1 0
x.hh.ru/telegram.go:117.11,119.6 1 0
x.hh.ru/telegram.go:120.10,120.83 1 0
x.hh.ru/telegram.go:120.83,124.5 3 0
x.hh.ru/telegram.go:124.10,126.5 1 0
x.hh.ru/telegram.go:133.45,135.20 2 0
x.hh.ru/telegram.go:135.20,137.42 2 0
x.hh.ru/telegram.go:137.42,139.36 2 0
x.hh.ru/telegram.go:148.4,149.36 2 0
x.hh.ru/telegram.go:152.4,155.10 4 0
x.hh.ru/telegram.go:139.36,142.19 3 0
x.hh.ru/telegram.go:142.19,146.6 3 0
x.hh.ru/telegram.go:149.36,151.5 1 0
x.hh.ru/telegram.go:156.9,160.4 3 0
x.hh.ru/telegram.go:161.8,163.3 1 0
x.hh.ru/telegram.go:166.58,168.20 2 0
x.hh.ru/telegram.go:168.20,172.17 4 0
x.hh.ru/telegram.go:177.3,179.72 3 0
x.hh.ru/telegram.go:172.17,176.4 3 0
x.hh.ru/telegram.go:180.8,182.3 1 0
x.hh.ru/telegram.go:185.48,187.20 2 0
x.hh.ru/telegram.go:187.20,193.3 5 0
x.hh.ru/telegram.go:193.8,195.3 1 0
x.hh.ru/telegram.go:198.51,200.20 2 0
x.hh.ru/telegram.go:200.20,206.3 5 0
x.hh.ru/telegram.go:206.8,208.3 1 0
x.hh.ru/telegram.go:211.51,213.108 2 0
x.hh.ru/telegram.go:213.108,215.38 2 0
x.hh.ru/telegram.go:225.3,225.16 1 0
x.hh.ru/telegram.go:216.15,218.102 2 0
x.hh.ru/telegram.go:219.16,221.107 2 0
x.hh.ru/telegram.go:222.11,223.58 1 0
x.hh.ru/telegram.go:226.8,228.3 1 0
x.hh.ru/Main.go:27.26,28.16 1 1
x.hh.ru/Main.go:28.16,32.3 3 0
x.hh.ru/Main.go:35.13,43.2 7 0
x.hh.ru/cfg.go:8.17,12.34 4 1
x.hh.ru/cfg.go:12.34,15.23 3 1
x.hh.ru/cfg.go:15.23,17.4 1 1
x.hh.ru/cfg.go:17.9,17.34 1 1
x.hh.ru/cfg.go:17.34,19.4 1 1
x.hh.ru/cfg.go:19.9,19.37 1 1
x.hh.ru/cfg.go:19.37,21.4 1 1
x.hh.ru/cfg.go:21.9,21.40 1 1
x.hh.ru/cfg.go:21.40,23.4 1 1
x.hh.ru/cfg.go:23.9,23.41 1 1
x.hh.ru/cfg.go:23.41,25.26 2 1
x.hh.ru/cfg.go:25.26,26.16 1 1
x.hh.ru/cfg.go:26.16,28.6 1 1
x.hh.ru/cfg.go:30.9,30.45 1 1
x.hh.ru/cfg.go:30.45,35.4 4 1
x.hh.ru/cfg.go:39.16,41.37 2 1
x.hh.ru/cfg.go:48.2,51.48 2 1
x.hh.ru/cfg.go:41.37,42.13 1 1
x.hh.ru/cfg.go:42.13,44.4 1 1
x.hh.ru/cfg.go:44.9,46.4 1 1
x.hh.ru/crypting.go:14.36,18.2 3 1
x.hh.ru/crypting.go:20.53,23.16 3 1
x.hh.ru/crypting.go:26.2,27.58 2 1
x.hh.ru/crypting.go:30.2,31.19 2 1
x.hh.ru/crypting.go:23.16,24.21 1 0
x.hh.ru/crypting.go:27.58,28.21 1 0
x.hh.ru/crypting.go:34.53,37.16 3 1
x.hh.ru/crypting.go:40.2,41.16 2 1
x.hh.ru/crypting.go:44.2,47.16 4 1
x.hh.ru/crypting.go:50.2,50.18 1 1
x.hh.ru/crypting.go:37.16,38.21 1 0
x.hh.ru/crypting.go:41.16,42.21 1 0
x.hh.ru/crypting.go:47.16,48.21 1 0
x.hh.ru/crypting.go:53.67,57.2 3 1
x.hh.ru/crypting.go:59.61,62.2 2 1
x.hh.ru/firstEncrypt.go:8.24,10.16 2 0
x.hh.ru/firstEncrypt.go:13.2,14.38 2 0
x.hh.ru/firstEncrypt.go:10.16,11.17 1 0
